  [1m[35m (0.3ms)[0m  [1m[35mDROP DATABASE IF EXISTS "Reddit_development"[0m
  ↳ bin/rails:9
  [1m[35m (0.3ms)[0m  [1m[35mDROP DATABASE IF EXISTS "Reddit_test"[0m
  ↳ bin/rails:9
  [1m[35m (164.9ms)[0m  [1m[35mCREATE DATABASE "Reddit_development" ENCODING = 'unicode'[0m
  ↳ bin/rails:9
  [1m[35m (146.4ms)[0m  [1m[35mCREATE DATABASE "Reddit_test" ENCODING = 'unicode'[0m
  ↳ bin/rails:9
  [1m[35m (20.7ms)[0m  [1m[35mCREATE TABLE "schema_migrations" ("version" character varying NOT NULL PRIMARY KEY)[0m
  ↳ bin/rails:9
  [1m[35m (12.8ms)[0m  [1m[35mCREATE TABLE "ar_internal_metadata" ("key" character varying NOT NULL PRIMARY KEY, "value" character varying, "created_at" timestamp NOT NULL, "updated_at" timestamp NOT NULL)[0m
  ↳ bin/rails:9
  [1m[35m (0.3ms)[0m  [1m[34mSELECT pg_try_advisory_lock(8057437283407492260)[0m
  ↳ bin/rails:9
  [1m[35m (0.8ms)[0m  [1m[34mSELECT "schema_migrations"."version" FROM "schema_migrations" ORDER BY "schema_migrations"."version" ASC[0m
  ↳ bin/rails:9
Migrating to CreateUsers (20210215152703)
  [1m[35m (0.4ms)[0m  [1m[35mBEGIN[0m
  ↳ bin/rails:9
  [1m[35m (17.4ms)[0m  [1m[35mCREATE TABLE "users" ("id" bigserial primary key, "username" character varying, "password_digest" character varying, "session_token" character varying, "created_at" timestamp NOT NULL, "updated_at" timestamp NOT NULL)[0m
  ↳ db/migrate/20210215152703_create_users.rb:3
  [1m[36mActiveRecord::SchemaMigration Create (0.9ms)[0m  [1m[32mINSERT INTO "schema_migrations" ("version") VALUES ($1) RETURNING "version"[0m  [["version", "20210215152703"]]
  ↳ bin/rails:9
  [1m[35m (3.7ms)[0m  [1m[35mCOMMIT[0m
  ↳ bin/rails:9
  [1m[36mActiveRecord::InternalMetadata Load (0.7ms)[0m  [1m[34mSELECT  "ar_internal_metadata".* FROM "ar_internal_metadata" WHERE "ar_internal_metadata"."key" = $1 LIMIT $2[0m  [["key", "environment"], ["LIMIT", 1]]
  ↳ bin/rails:9
  [1m[35m (4.6ms)[0m  [1m[35mBEGIN[0m
  ↳ bin/rails:9
  [1m[36mActiveRecord::InternalMetadata Create (1.3ms)[0m  [1m[32mINSERT INTO "ar_internal_metadata" ("key", "value", "created_at", "updated_at") VALUES ($1, $2, $3, $4) RETURNING "key"[0m  [["key", "environment"], ["value", "development"], ["created_at", "2021-02-15 15:27:13.537791"], ["updated_at", "2021-02-15 15:27:13.537791"]]
  ↳ bin/rails:9
  [1m[35m (4.4ms)[0m  [1m[35mCOMMIT[0m
  ↳ bin/rails:9
  [1m[35m (0.5ms)[0m  [1m[34mSELECT pg_advisory_unlock(8057437283407492260)[0m
  ↳ bin/rails:9
  [1m[35m (0.4ms)[0m  [1m[34mSELECT "schema_migrations"."version" FROM "schema_migrations" ORDER BY "schema_migrations"."version" ASC[0m
  ↳ bin/rails:9
  [1m[35m (1.0ms)[0m  [1m[34mSELECT "schema_migrations"."version" FROM "schema_migrations" ORDER BY "schema_migrations"."version" ASC[0m
  ↳ /home/jaspreet/.rbenv/versions/2.5.1/bin/annotate:23
  [1m[35m (0.2ms)[0m  [1m[34mSELECT pg_try_advisory_lock(8057437283407492260)[0m
  ↳ bin/rails:9
  [1m[35m (0.6ms)[0m  [1m[34mSELECT "schema_migrations"."version" FROM "schema_migrations" ORDER BY "schema_migrations"."version" ASC[0m
  ↳ bin/rails:9
Migrating to CreateSubs (20210215162532)
  [1m[35m (0.2ms)[0m  [1m[35mBEGIN[0m
  ↳ bin/rails:9
  [1m[35m (77.1ms)[0m  [1m[35mCREATE TABLE "subs" ("id" bigserial primary key, "title" character varying, "description" text, "user_id" integer, "created_at" timestamp NOT NULL, "updated_at" timestamp NOT NULL)[0m
  ↳ db/migrate/20210215162532_create_subs.rb:3
  [1m[36mActiveRecord::SchemaMigration Create (0.7ms)[0m  [1m[32mINSERT INTO "schema_migrations" ("version") VALUES ($1) RETURNING "version"[0m  [["version", "20210215162532"]]
  ↳ bin/rails:9
  [1m[35m (3.3ms)[0m  [1m[35mCOMMIT[0m
  ↳ bin/rails:9
  [1m[36mActiveRecord::InternalMetadata Load (0.9ms)[0m  [1m[34mSELECT  "ar_internal_metadata".* FROM "ar_internal_metadata" WHERE "ar_internal_metadata"."key" = $1 LIMIT $2[0m  [["key", "environment"], ["LIMIT", 1]]
  ↳ bin/rails:9
  [1m[35m (0.4ms)[0m  [1m[35mBEGIN[0m
  ↳ bin/rails:9
  [1m[35m (0.5ms)[0m  [1m[35mCOMMIT[0m
  ↳ bin/rails:9
  [1m[35m (0.7ms)[0m  [1m[34mSELECT pg_advisory_unlock(8057437283407492260)[0m
  ↳ bin/rails:9
  [1m[35m (1.0ms)[0m  [1m[34mSELECT "schema_migrations"."version" FROM "schema_migrations" ORDER BY "schema_migrations"."version" ASC[0m
  ↳ bin/rails:9
  [1m[35m (1.6ms)[0m  [1m[34mSELECT "schema_migrations"."version" FROM "schema_migrations" ORDER BY "schema_migrations"."version" ASC[0m
  ↳ /home/jaspreet/.rbenv/versions/2.5.1/bin/annotate:23
  [1m[35m (0.5ms)[0m  [1m[34mSELECT pg_try_advisory_lock(8057437283407492260)[0m
  ↳ bin/rails:9
  [1m[35m (3.5ms)[0m  [1m[34mSELECT "schema_migrations"."version" FROM "schema_migrations" ORDER BY "schema_migrations"."version" ASC[0m
  ↳ bin/rails:9
Migrating to CreatePosts (20210215192055)
  [1m[35m (0.4ms)[0m  [1m[35mBEGIN[0m
  ↳ bin/rails:9
  [1m[35m (45.6ms)[0m  [1m[35mCREATE TABLE "posts" ("id" bigserial primary key, "title" character varying, "sub_id" integer, "user_id" integer, "created_at" timestamp NOT NULL, "updated_at" timestamp NOT NULL)[0m
  ↳ db/migrate/20210215192055_create_posts.rb:3
  [1m[36mActiveRecord::SchemaMigration Create (1.1ms)[0m  [1m[32mINSERT INTO "schema_migrations" ("version") VALUES ($1) RETURNING "version"[0m  [["version", "20210215192055"]]
  ↳ bin/rails:9
  [1m[35m (18.2ms)[0m  [1m[35mCOMMIT[0m
  ↳ bin/rails:9
  [1m[36mActiveRecord::InternalMetadata Load (1.1ms)[0m  [1m[34mSELECT  "ar_internal_metadata".* FROM "ar_internal_metadata" WHERE "ar_internal_metadata"."key" = $1 LIMIT $2[0m  [["key", "environment"], ["LIMIT", 1]]
  ↳ bin/rails:9
  [1m[35m (0.5ms)[0m  [1m[35mBEGIN[0m
  ↳ bin/rails:9
  [1m[35m (1.0ms)[0m  [1m[35mCOMMIT[0m
  ↳ bin/rails:9
  [1m[35m (1.8ms)[0m  [1m[34mSELECT pg_advisory_unlock(8057437283407492260)[0m
  ↳ bin/rails:9
  [1m[35m (4.7ms)[0m  [1m[34mSELECT "schema_migrations"."version" FROM "schema_migrations" ORDER BY "schema_migrations"."version" ASC[0m
  ↳ bin/rails:9
  [1m[35m (0.7ms)[0m  [1m[34mSELECT "schema_migrations"."version" FROM "schema_migrations" ORDER BY "schema_migrations"."version" ASC[0m
  ↳ /home/jaspreet/.rbenv/versions/2.5.1/bin/annotate:23
  [1m[35m (2.2ms)[0m  [1m[34mSELECT pg_try_advisory_lock(8057437283407492260)[0m
  ↳ bin/rails:9
  [1m[35m (1.6ms)[0m  [1m[34mSELECT "schema_migrations"."version" FROM "schema_migrations" ORDER BY "schema_migrations"."version" ASC[0m
  ↳ bin/rails:9
Migrating to CreatePostSubs (20210215195710)
  [1m[35m (0.6ms)[0m  [1m[35mBEGIN[0m
  ↳ bin/rails:9
  [1m[35m (87.5ms)[0m  [1m[35mCREATE TABLE "post_subs" ("id" bigserial primary key, "sub_id" integer, "post_id" integer, "created_at" timestamp NOT NULL, "updated_at" timestamp NOT NULL)[0m
  ↳ db/migrate/20210215195710_create_post_subs.rb:3
  [1m[36mActiveRecord::SchemaMigration Create (1.1ms)[0m  [1m[32mINSERT INTO "schema_migrations" ("version") VALUES ($1) RETURNING "version"[0m  [["version", "20210215195710"]]
  ↳ bin/rails:9
  [1m[35m (34.8ms)[0m  [1m[35mCOMMIT[0m
  ↳ bin/rails:9
  [1m[36mActiveRecord::InternalMetadata Load (2.0ms)[0m  [1m[34mSELECT  "ar_internal_metadata".* FROM "ar_internal_metadata" WHERE "ar_internal_metadata"."key" = $1 LIMIT $2[0m  [["key", "environment"], ["LIMIT", 1]]
  ↳ bin/rails:9
  [1m[35m (0.5ms)[0m  [1m[35mBEGIN[0m
  ↳ bin/rails:9
  [1m[35m (0.4ms)[0m  [1m[35mCOMMIT[0m
  ↳ bin/rails:9
  [1m[35m (0.8ms)[0m  [1m[34mSELECT pg_advisory_unlock(8057437283407492260)[0m
  ↳ bin/rails:9
  [1m[35m (2.0ms)[0m  [1m[34mSELECT "schema_migrations"."version" FROM "schema_migrations" ORDER BY "schema_migrations"."version" ASC[0m
  ↳ bin/rails:9
  [1m[35m (1.7ms)[0m  [1m[34mSELECT "schema_migrations"."version" FROM "schema_migrations" ORDER BY "schema_migrations"."version" ASC[0m
  ↳ /home/jaspreet/.rbenv/versions/2.5.1/bin/annotate:23
  [1m[35m (235.6ms)[0m  [1m[35mCREATE DATABASE "Reddit_development" ENCODING = 'unicode'[0m
  ↳ bin/rails:9
  [1m[35m (153.7ms)[0m  [1m[35mCREATE DATABASE "Reddit_test" ENCODING = 'unicode'[0m
  ↳ bin/rails:9
Started GET "/" for ::1 at 2021-02-15 16:43:07 -0500
  
ActiveRecord::PendingMigrationError (

Migrations are pending. To resolve this issue, run:

        bin/rails db:migrate RAILS_ENV=development

):
  
activerecord (5.2.4.5) lib/active_record/migration.rb:579:in `check_pending!'
activerecord (5.2.4.5) lib/active_record/migration.rb:556:in `call'
actionpack (5.2.4.5) lib/action_dispatch/middleware/callbacks.rb:28:in `block in call'
activesupport (5.2.4.5) lib/active_support/callbacks.rb:98:in `run_callbacks'
actionpack (5.2.4.5) lib/action_dispatch/middleware/callbacks.rb:26:in `call'
actionpack (5.2.4.5) lib/action_dispatch/middleware/executor.rb:14:in `call'
actionpack (5.2.4.5) lib/action_dispatch/middleware/debug_exceptions.rb:61:in `call'
web-console (3.7.0) lib/web_console/middleware.rb:135:in `call_app'
web-console (3.7.0) lib/web_console/middleware.rb:30:in `block in call'
web-console (3.7.0) lib/web_console/middleware.rb:20:in `catch'
web-console (3.7.0) lib/web_console/middleware.rb:20:in `call'
actionpack (5.2.4.5) lib/action_dispatch/middleware/show_exceptions.rb:33:in `call'
railties (5.2.4.5) lib/rails/rack/logger.rb:38:in `call_app'
railties (5.2.4.5) lib/rails/rack/logger.rb:26:in `block in call'
activesupport (5.2.4.5) lib/active_support/tagged_logging.rb:71:in `block in tagged'
activesupport (5.2.4.5) lib/active_support/tagged_logging.rb:28:in `tagged'
activesupport (5.2.4.5) lib/active_support/tagged_logging.rb:71:in `tagged'
railties (5.2.4.5) lib/rails/rack/logger.rb:26:in `call'
sprockets-rails (3.2.2) lib/sprockets/rails/quiet_assets.rb:13:in `call'
actionpack (5.2.4.5) lib/action_dispatch/middleware/remote_ip.rb:81:in `call'
actionpack (5.2.4.5) lib/action_dispatch/middleware/request_id.rb:27:in `call'
rack (2.2.3) lib/rack/method_override.rb:24:in `call'
rack (2.2.3) lib/rack/runtime.rb:22:in `call'
activesupport (5.2.4.5) lib/active_support/cache/strategy/local_cache_middleware.rb:29:in `call'
actionpack (5.2.4.5) lib/action_dispatch/middleware/executor.rb:14:in `call'
actionpack (5.2.4.5) lib/action_dispatch/middleware/static.rb:127:in `call'
rack (2.2.3) lib/rack/sendfile.rb:110:in `call'
railties (5.2.4.5) lib/rails/engine.rb:524:in `call'
puma (3.12.6) lib/puma/configuration.rb:227:in `call'
puma (3.12.6) lib/puma/server.rb:706:in `handle_request'
puma (3.12.6) lib/puma/server.rb:476:in `process_client'
puma (3.12.6) lib/puma/server.rb:334:in `block in run'
puma (3.12.6) lib/puma/thread_pool.rb:135:in `block in spawn_thread'
  [1m[35m (50.4ms)[0m  [1m[35mCREATE TABLE "schema_migrations" ("version" character varying NOT NULL PRIMARY KEY)[0m
  ↳ bin/rails:9
  [1m[35m (6.3ms)[0m  [1m[35mCREATE TABLE "ar_internal_metadata" ("key" character varying NOT NULL PRIMARY KEY, "value" character varying, "created_at" timestamp NOT NULL, "updated_at" timestamp NOT NULL)[0m
  ↳ bin/rails:9
  [1m[35m (1.8ms)[0m  [1m[34mSELECT pg_try_advisory_lock(8057437283407492260)[0m
  ↳ bin/rails:9
  [1m[35m (1.1ms)[0m  [1m[34mSELECT "schema_migrations"."version" FROM "schema_migrations" ORDER BY "schema_migrations"."version" ASC[0m
  ↳ bin/rails:9
Migrating to CreateUsers (20210215152703)
  [1m[35m (0.8ms)[0m  [1m[35mBEGIN[0m
  ↳ bin/rails:9
  [1m[35m (10.8ms)[0m  [1m[35mCREATE TABLE "users" ("id" bigserial primary key, "username" character varying, "password_digest" character varying, "session_token" character varying, "created_at" timestamp NOT NULL, "updated_at" timestamp NOT NULL)[0m
  ↳ db/migrate/20210215152703_create_users.rb:3
  [1m[36mActiveRecord::SchemaMigration Create (9.4ms)[0m  [1m[32mINSERT INTO "schema_migrations" ("version") VALUES ($1) RETURNING "version"[0m  [["version", "20210215152703"]]
  ↳ bin/rails:9
  [1m[35m (2.1ms)[0m  [1m[35mCOMMIT[0m
  ↳ bin/rails:9
Migrating to CreateSubs (20210215162532)
  [1m[35m (1.1ms)[0m  [1m[35mBEGIN[0m
  ↳ bin/rails:9
  [1m[35m (10.8ms)[0m  [1m[35mCREATE TABLE "subs" ("id" bigserial primary key, "title" character varying, "description" text, "user_id" integer, "created_at" timestamp NOT NULL, "updated_at" timestamp NOT NULL)[0m
  ↳ db/migrate/20210215162532_create_subs.rb:3
  [1m[36mActiveRecord::SchemaMigration Create (0.4ms)[0m  [1m[32mINSERT INTO "schema_migrations" ("version") VALUES ($1) RETURNING "version"[0m  [["version", "20210215162532"]]
  ↳ bin/rails:9
  [1m[35m (0.9ms)[0m  [1m[35mCOMMIT[0m
  ↳ bin/rails:9
Migrating to CreatePosts (20210215192055)
  [1m[35m (0.3ms)[0m  [1m[35mBEGIN[0m
  ↳ bin/rails:9
  [1m[35m (13.1ms)[0m  [1m[35mCREATE TABLE "posts" ("id" bigserial primary key, "title" character varying, "sub_id" integer, "user_id" integer, "created_at" timestamp NOT NULL, "updated_at" timestamp NOT NULL)[0m
  ↳ db/migrate/20210215192055_create_posts.rb:3
  [1m[36mActiveRecord::SchemaMigration Create (4.0ms)[0m  [1m[32mINSERT INTO "schema_migrations" ("version") VALUES ($1) RETURNING "version"[0m  [["version", "20210215192055"]]
  ↳ bin/rails:9
  [1m[35m (3.7ms)[0m  [1m[35mCOMMIT[0m
  ↳ bin/rails:9
Migrating to CreatePostSubs (20210215195710)
  [1m[35m (0.5ms)[0m  [1m[35mBEGIN[0m
  ↳ bin/rails:9
  [1m[35m (34.8ms)[0m  [1m[35mCREATE TABLE "post_subs" ("id" bigserial primary key, "sub_id" integer, "post_id" integer, "created_at" timestamp NOT NULL, "updated_at" timestamp NOT NULL)[0m
  ↳ db/migrate/20210215195710_create_post_subs.rb:3
  [1m[36mActiveRecord::SchemaMigration Create (2.7ms)[0m  [1m[32mINSERT INTO "schema_migrations" ("version") VALUES ($1) RETURNING "version"[0m  [["version", "20210215195710"]]
  ↳ bin/rails:9
  [1m[35m (3.1ms)[0m  [1m[35mCOMMIT[0m
  ↳ bin/rails:9
  [1m[36mActiveRecord::InternalMetadata Load (1.3ms)[0m  [1m[34mSELECT  "ar_internal_metadata".* FROM "ar_internal_metadata" WHERE "ar_internal_metadata"."key" = $1 LIMIT $2[0m  [["key", "environment"], ["LIMIT", 1]]
  ↳ bin/rails:9
  [1m[35m (5.6ms)[0m  [1m[35mBEGIN[0m
  ↳ bin/rails:9
  [1m[36mActiveRecord::InternalMetadata Create (9.7ms)[0m  [1m[32mINSERT INTO "ar_internal_metadata" ("key", "value", "created_at", "updated_at") VALUES ($1, $2, $3, $4) RETURNING "key"[0m  [["key", "environment"], ["value", "development"], ["created_at", "2021-02-15 21:43:47.329071"], ["updated_at", "2021-02-15 21:43:47.329071"]]
  ↳ bin/rails:9
  [1m[35m (1.3ms)[0m  [1m[35mCOMMIT[0m
  ↳ bin/rails:9
  [1m[35m (1.2ms)[0m  [1m[34mSELECT pg_advisory_unlock(8057437283407492260)[0m
  ↳ bin/rails:9
  [1m[35m (3.0ms)[0m  [1m[34mSELECT "schema_migrations"."version" FROM "schema_migrations" ORDER BY "schema_migrations"."version" ASC[0m
  ↳ bin/rails:9
Started GET "/" for ::1 at 2021-02-15 16:43:50 -0500
  [1m[35m (0.9ms)[0m  [1m[34mSELECT "schema_migrations"."version" FROM "schema_migrations" ORDER BY "schema_migrations"."version" ASC[0m
  ↳ /Users/richardbassalian/.rbenv/versions/2.5.1/lib/ruby/gems/2.5.0/gems/activerecord-5.2.4.5/lib/active_record/log_subscriber.rb:98
Processing by Rails::WelcomeController#index as HTML
  Rendering /Users/richardbassalian/.rbenv/versions/2.5.1/lib/ruby/gems/2.5.0/gems/railties-5.2.4.5/lib/rails/templates/rails/welcome/index.html.erb
  Rendered /Users/richardbassalian/.rbenv/versions/2.5.1/lib/ruby/gems/2.5.0/gems/railties-5.2.4.5/lib/rails/templates/rails/welcome/index.html.erb (5.0ms)
Completed 200 OK in 23ms (Views: 12.3ms | ActiveRecord: 0.0ms)


Started GET "/users" for ::1 at 2021-02-15 16:43:57 -0500
Processing by UsersController#index as HTML
  Rendering users/index.html.erb within layouts/application
  [1m[36mUser Load (0.8ms)[0m  [1m[34mSELECT "users".* FROM "users"[0m
  ↳ app/views/users/index.html.erb:3
  Rendered users/index.html.erb within layouts/application (4.2ms)
Completed 500 Internal Server Error in 1659ms (ActiveRecord: 2.5ms)


  
ActionView::Template::Error (undefined method `signed_in?' for #<#<Class:0x00007f8b93f18440>:0x00007f8b93f12130>):
    13:   <% if flash.now[:errors]  %>
    14:       <p><%= flash.now[:errors].join(", ") %></p>
    15:   <% end  %>
    16:   <% if signed_in? %>
    17:     <form action="new_session_url" method="POST">
    18:       <input type="hidden" name="authenticity_token" value="<%= form_authenticity_token %>">
    19:       <button>Sign Out</button>
  
app/views/layouts/application.html.erb:16:in `_app_views_layouts_application_html_erb__127647947249053392_70118716450280'
app/controllers/users_controller.rb:5:in `index'
Started GET "/users" for ::1 at 2021-02-15 16:45:55 -0500
Processing by UsersController#index as HTML
  Rendering users/index.html.erb within layouts/application
  [1m[36mUser Load (1.1ms)[0m  [1m[34mSELECT "users".* FROM "users"[0m
  ↳ app/views/users/index.html.erb:3
  Rendered users/index.html.erb within layouts/application (21.1ms)
Completed 200 OK in 130ms (Views: 113.1ms | ActiveRecord: 7.2ms)


Started GET "/users/new" for ::1 at 2021-02-15 16:46:48 -0500
Processing by UsersController#new as HTML
  Rendering users/new.html.erb within layouts/application
  Rendered users/new.html.erb within layouts/application (0.9ms)
Completed 200 OK in 91ms (Views: 74.1ms | ActiveRecord: 7.2ms)


Started POST "/users" for ::1 at 2021-02-15 16:47:03 -0500
Processing by UsersController#create as HTML
  Parameters: {"authenticity_token"=>"xPM5GOdxGmtaxKk7SA5fnQ7u/cSRp64cCOaDjqT5wgt8WkPKHu+RB3BQKnovfpFxAfJR2l8pC1WO2KcVJNxjNg==", "user"=>{"username"=>"bobby123", "password"=>"[FILTERED]"}}
Completed 500 Internal Server Error in 2ms (ActiveRecord: 0.0ms)


  
ActiveModel::UnknownAttributeError (unknown attribute 'password' for User.):
  
app/controllers/users_controller.rb:19:in `create'
Started POST "/users" for ::1 at 2021-02-15 16:48:25 -0500
Processing by UsersController#create as HTML
  Parameters: {"authenticity_token"=>"xPM5GOdxGmtaxKk7SA5fnQ7u/cSRp64cCOaDjqT5wgt8WkPKHu+RB3BQKnovfpFxAfJR2l8pC1WO2KcVJNxjNg==", "user"=>{"username"=>"bobby123", "password"=>"[FILTERED]"}}
Completed 500 Internal Server Error in 23ms (ActiveRecord: 7.2ms)


  
NameError (uninitialized constant User::BCrypt):
  
app/models/user.rb:54:in `password='
app/controllers/users_controller.rb:19:in `create'
Started POST "/users" for ::1 at 2021-02-15 16:49:24 -0500
  [1m[35m (0.8ms)[0m  [1m[34mSELECT "schema_migrations"."version" FROM "schema_migrations" ORDER BY "schema_migrations"."version" ASC[0m
  ↳ /Users/richardbassalian/.rbenv/versions/2.5.1/lib/ruby/gems/2.5.0/gems/activerecord-5.2.4.5/lib/active_record/log_subscriber.rb:98
Processing by UsersController#create as HTML
  Parameters: {"authenticity_token"=>"xPM5GOdxGmtaxKk7SA5fnQ7u/cSRp64cCOaDjqT5wgt8WkPKHu+RB3BQKnovfpFxAfJR2l8pC1WO2KcVJNxjNg==", "user"=>{"username"=>"bobby123", "password"=>"[FILTERED]"}}
  [1m[35m (0.2ms)[0m  [1m[35mBEGIN[0m
  ↳ app/controllers/users_controller.rb:20
  [1m[36mUser Exists (0.7ms)[0m  [1m[34mSELECT  1 AS one FROM "users" WHERE "users"."username" = $1 LIMIT $2[0m  [["username", "bobby123"], ["LIMIT", 1]]
  ↳ app/controllers/users_controller.rb:20
  [1m[36mUser Create (6.7ms)[0m  [1m[32mINSERT INTO "users" ("username", "password_digest", "session_token", "created_at", "updated_at") VALUES ($1, $2, $3, $4, $5) RETURNING "id"[0m  [["username", "bobby123"], ["password_digest", "$2a$12$/9OnrqIvk0/xGUj1pzawYeO89sc7uXmRfbiVxreFAutFyiZ7X/4lK"], ["session_token", "hPqq+9DIuFEcq3gn/rC7CIvxukT1hM2t3t0iIW3PGGAIIsl1XHqBpB4bILTiYnDykY9FfU3f6ySFPD1fMKe/hg=="], ["created_at", "2021-02-15 21:49:25.044828"], ["updated_at", "2021-02-15 21:49:25.044828"]]
  ↳ app/controllers/users_controller.rb:20
  [1m[35m (1.1ms)[0m  [1m[35mCOMMIT[0m
  ↳ app/controllers/users_controller.rb:20
  [1m[35m (0.1ms)[0m  [1m[35mBEGIN[0m
  ↳ app/models/user.rb:47
  [1m[36mUser Exists (0.9ms)[0m  [1m[34mSELECT  1 AS one FROM "users" WHERE "users"."username" = $1 AND "users"."id" != $2 LIMIT $3[0m  [["username", "bobby123"], ["id", 1], ["LIMIT", 1]]
  ↳ app/models/user.rb:47
  [1m[36mUser Update (5.2ms)[0m  [1m[33mUPDATE "users" SET "session_token" = $1, "updated_at" = $2 WHERE "users"."id" = $3[0m  [["session_token", "mTARCZQokPg7C79VAyv3LA"], ["updated_at", "2021-02-15 21:49:25.059431"], ["id", 1]]
  ↳ app/models/user.rb:47
  [1m[35m (0.4ms)[0m  [1m[35mCOMMIT[0m
  ↳ app/models/user.rb:47
Redirected to http://localhost:3000/users
Completed 302 Found in 344ms (ActiveRecord: 23.6ms)


Started GET "/users" for ::1 at 2021-02-15 16:49:25 -0500
Processing by UsersController#index as HTML
  Rendering users/index.html.erb within layouts/application
  [1m[36mUser Load (0.7ms)[0m  [1m[34mSELECT "users".* FROM "users"[0m
  ↳ app/views/users/index.html.erb:3
  Rendered users/index.html.erb within layouts/application (5.6ms)
Completed 200 OK in 289ms (Views: 287.6ms | ActiveRecord: 0.7ms)


Started GET "/user/1" for ::1 at 2021-02-15 16:49:55 -0500
  
ActionController::RoutingError (No route matches [GET] "/user/1"):
  
actionpack (5.2.4.5) lib/action_dispatch/middleware/debug_exceptions.rb:65:in `call'
web-console (3.7.0) lib/web_console/middleware.rb:135:in `call_app'
web-console (3.7.0) lib/web_console/middleware.rb:30:in `block in call'
web-console (3.7.0) lib/web_console/middleware.rb:20:in `catch'
web-console (3.7.0) lib/web_console/middleware.rb:20:in `call'
actionpack (5.2.4.5) lib/action_dispatch/middleware/show_exceptions.rb:33:in `call'
railties (5.2.4.5) lib/rails/rack/logger.rb:38:in `call_app'
railties (5.2.4.5) lib/rails/rack/logger.rb:26:in `block in call'
activesupport (5.2.4.5) lib/active_support/tagged_logging.rb:71:in `block in tagged'
activesupport (5.2.4.5) lib/active_support/tagged_logging.rb:28:in `tagged'
activesupport (5.2.4.5) lib/active_support/tagged_logging.rb:71:in `tagged'
railties (5.2.4.5) lib/rails/rack/logger.rb:26:in `call'
sprockets-rails (3.2.2) lib/sprockets/rails/quiet_assets.rb:13:in `call'
actionpack (5.2.4.5) lib/action_dispatch/middleware/remote_ip.rb:81:in `call'
actionpack (5.2.4.5) lib/action_dispatch/middleware/request_id.rb:27:in `call'
rack (2.2.3) lib/rack/method_override.rb:24:in `call'
rack (2.2.3) lib/rack/runtime.rb:22:in `call'
activesupport (5.2.4.5) lib/active_support/cache/strategy/local_cache_middleware.rb:29:in `call'
actionpack (5.2.4.5) lib/action_dispatch/middleware/executor.rb:14:in `call'
actionpack (5.2.4.5) lib/action_dispatch/middleware/static.rb:127:in `call'
rack (2.2.3) lib/rack/sendfile.rb:110:in `call'
railties (5.2.4.5) lib/rails/engine.rb:524:in `call'
puma (3.12.6) lib/puma/configuration.rb:227:in `call'
puma (3.12.6) lib/puma/server.rb:706:in `handle_request'
puma (3.12.6) lib/puma/server.rb:476:in `process_client'
puma (3.12.6) lib/puma/server.rb:334:in `block in run'
puma (3.12.6) lib/puma/thread_pool.rb:135:in `block in spawn_thread'
Started GET "/users/1" for ::1 at 2021-02-15 16:50:03 -0500
Processing by UsersController#show as HTML
  Parameters: {"id"=>"1"}
Completed 500 Internal Server Error in 250ms (ActiveRecord: 0.0ms)


  
NameError (undefined local variable or method `username' for #<UsersController:0x00007fd2f7fa1528>
Did you mean?  user_params):
  
app/controllers/users_controller.rb:9:in `show'
Started GET "/users/1" for ::1 at 2021-02-15 16:52:20 -0500
Processing by UsersController#show as HTML
  Parameters: {"id"=>"1"}
  [1m[36mUser Load (0.3ms)[0m  [1m[34mSELECT  "users".* FROM "users" WHERE "users"."id" = $1 LIMIT $2[0m  [["id", 1], ["LIMIT", 1]]
  ↳ app/controllers/users_controller.rb:9
  Rendering users/show.html.erb within layouts/application
  [1m[36mSub Load (5.8ms)[0m  [1m[34mSELECT "subs".* FROM "subs" WHERE "subs"."user_id" = $1[0m  [["user_id", 1]]
  ↳ app/views/users/show.html.erb:5
  Rendered users/show.html.erb within layouts/application (64.5ms)
Completed 200 OK in 270ms (Views: 193.9ms | ActiveRecord: 30.9ms)


  [1m[35m (0.2ms)[0m  [1m[35mBEGIN[0m
  [1m[35m (0.2ms)[0m  [1m[35mCOMMIT[0m
Started GET "/posts/new" for ::1 at 2021-02-15 16:59:27 -0500
Processing by PostsController#new as HTML
Completed 500 Internal Server Error in 36ms (ActiveRecord: 9.8ms)


  
ActionView::MissingTemplate (Missing template posts/new, application/new with {:locale=>[:en], :formats=>[:html], :variants=>[], :handlers=>[:raw, :erb, :html, :builder, :ruby, :coffee, :jbuilder]}. Searched in:
  * "/Users/richardbassalian/Desktop/W8D1/Reddit/app/views"
):
  
app/controllers/posts_controller.rb:14:in `new'
Started GET "/posts/new" for ::1 at 2021-02-15 17:10:17 -0500
Processing by PostsController#new as HTML
  Rendering posts/new.html.erb within layouts/application
  Rendered posts/new.html.erb within layouts/application (345.6ms)
Completed 500 Internal Server Error in 353ms (ActiveRecord: 0.0ms)


  
ActionView::Template::Error (undefined local variable or method `user_posts' for #<#<Class:0x00007fd2fa2cd420>:0x00007fd2fa3d8388>
Did you mean?  user_path):
    1: <h1> Make a Post! </h1>
    2: 
    3: <form action="<%= user_posts %>" method="POST">
    4:     <input type="hidden" name="authenticity_token" value="<%=form_authenticity_token %>">
    5:         <label>Title
    6:             <input type="text" name="posts[title]">
  
app/views/posts/new.html.erb:3:in `_app_views_posts_new_html_erb__4545367145032977434_70272069408760'
app/controllers/posts_controller.rb:14:in `new'
Started GET "/posts/new" for ::1 at 2021-02-15 17:11:18 -0500
Processing by PostsController#new as HTML
  Rendering posts/new.html.erb within layouts/application
  Rendered posts/new.html.erb within layouts/application (6.4ms)
Completed 500 Internal Server Error in 13ms (ActiveRecord: 0.0ms)


  
ActionView::Template::Error (No route matches {:action=>"create", :controller=>"posts"}, missing required keys: [:user_id]):
    1: <h1> Make a Post! </h1>
    2: 
    3: <form action="<%= user_posts_url %>" method="POST">
    4:     <input type="hidden" name="authenticity_token" value="<%=form_authenticity_token %>">
    5:         <label>Title
    6:             <input type="text" name="posts[title]">
  
app/views/posts/new.html.erb:3:in `_app_views_posts_new_html_erb__4545367145032977434_70272035029700'
app/controllers/posts_controller.rb:14:in `new'
Started GET "/posts/new" for ::1 at 2021-02-15 17:14:15 -0500
Processing by PostsController#new as HTML
  Rendering posts/new.html.erb within layouts/application
  Rendered posts/new.html.erb within layouts/application (3.6ms)
Completed 500 Internal Server Error in 33ms (ActiveRecord: 13.8ms)


  
ActionView::Template::Error (No route matches {:action=>"create", :controller=>"posts"}, missing required keys: [:user_id]):
    1: <h1> Make a Post! </h1>
    2: 
    3: <form action="<%= user_posts_url %>" method="POST">
    4:     <input type="hidden" name="authenticity_token" value="<%=form_authenticity_token %>">
    5:         <label>Title
    6:             <input type="text" name="posts[title]">
  
app/views/posts/new.html.erb:3:in `_app_views_posts_new_html_erb__4545367145032977434_70272035609520'
app/controllers/posts_controller.rb:14:in `new'
Started GET "/posts/new" for ::1 at 2021-02-15 17:15:02 -0500
Processing by PostsController#new as HTML
  Rendering posts/new.html.erb within layouts/application
  Rendered posts/new.html.erb within layouts/application (7.6ms)
Completed 500 Internal Server Error in 36ms (ActiveRecord: 0.0ms)


  
ActionView::Template::Error (No route matches {:action=>"create", :controller=>"posts", :user_id=>nil}, missing required keys: [:user_id]):
    1: <h1> Make a Post! </h1>
    2: 
    3: <form action="<%= user_posts_url(@user)%>" method="POST">
    4:     <input type="hidden" name="authenticity_token" value="<%=form_authenticity_token %>">
    5:         <label>Title
    6:             <input type="text" name="posts[title]">
  
app/views/posts/new.html.erb:3:in `_app_views_posts_new_html_erb__4545367145032977434_70272026474480'
app/controllers/posts_controller.rb:14:in `new'
Started GET "/posts/new" for ::1 at 2021-02-15 17:15:14 -0500
Processing by PostsController#new as HTML
  Rendering posts/new.html.erb within layouts/application
  Rendered posts/new.html.erb within layouts/application (9.6ms)
Completed 500 Internal Server Error in 17ms (ActiveRecord: 0.0ms)


  
ActionView::Template::Error (No route matches {:action=>"create", :controller=>"posts", :user_id=>nil}, missing required keys: [:user_id]):
    1: <h1> Make a Post! </h1>
    2: 
    3: <form action="<%= user_posts_url(@post)%>" method="POST">
    4:     <input type="hidden" name="authenticity_token" value="<%=form_authenticity_token %>">
    5:         <label>Title
    6:             <input type="text" name="posts[title]">
  
app/views/posts/new.html.erb:3:in `_app_views_posts_new_html_erb__4545367145032977434_70272068368700'
app/controllers/posts_controller.rb:14:in `new'
Started GET "/posts/new" for ::1 at 2021-02-15 17:16:36 -0500
Processing by PostsController#new as HTML
  Rendering posts/new.html.erb within layouts/application
  Rendered posts/new.html.erb within layouts/application (3.7ms)
Completed 500 Internal Server Error in 10ms (ActiveRecord: 0.0ms)


  
ActionView::Template::Error (No route matches {:action=>"create", :controller=>"posts", :user_id=>nil}, missing required keys: [:user_id]):
    1: <h1> Make a Post! </h1>
    2: 
    3: <form action="<%= user_posts_url(params[:user_id])%>" method="POST">
    4:     <input type="hidden" name="authenticity_token" value="<%=form_authenticity_token %>">
    5:         <label>Title
    6:             <input type="text" name="posts[title]">
  
app/views/posts/new.html.erb:3:in `_app_views_posts_new_html_erb__4545367145032977434_70272078196360'
app/controllers/posts_controller.rb:14:in `new'
Started GET "/users" for ::1 at 2021-02-15 17:17:06 -0500
Processing by UsersController#index as HTML
  Rendering users/index.html.erb within layouts/application
  [1m[36mUser Load (1.6ms)[0m  [1m[34mSELECT "users".* FROM "users"[0m
  ↳ app/views/users/index.html.erb:3
  Rendered users/index.html.erb within layouts/application (36.4ms)
Completed 200 OK in 121ms (Views: 100.4ms | ActiveRecord: 13.7ms)


Started GET "/users/1" for ::1 at 2021-02-15 17:17:08 -0500
Processing by UsersController#show as HTML
  Parameters: {"id"=>"1"}
  [1m[36mUser Load (6.7ms)[0m  [1m[34mSELECT  "users".* FROM "users" WHERE "users"."id" = $1 LIMIT $2[0m  [["id", 1], ["LIMIT", 1]]
  ↳ app/controllers/users_controller.rb:9
  Rendering users/show.html.erb within layouts/application
  [1m[36mSub Load (0.3ms)[0m  [1m[34mSELECT "subs".* FROM "subs" WHERE "subs"."user_id" = $1[0m  [["user_id", 1]]
  ↳ app/views/users/show.html.erb:5
  Rendered users/show.html.erb within layouts/application (10.8ms)
Completed 200 OK in 111ms (Views: 83.1ms | ActiveRecord: 12.3ms)


Started GET "/users/1/posts" for ::1 at 2021-02-15 17:17:37 -0500
  
ActionController::RoutingError (No route matches [GET] "/users/1/posts"):
  
actionpack (5.2.4.5) lib/action_dispatch/middleware/debug_exceptions.rb:65:in `call'
web-console (3.7.0) lib/web_console/middleware.rb:135:in `call_app'
web-console (3.7.0) lib/web_console/middleware.rb:30:in `block in call'
web-console (3.7.0) lib/web_console/middleware.rb:20:in `catch'
web-console (3.7.0) lib/web_console/middleware.rb:20:in `call'
actionpack (5.2.4.5) lib/action_dispatch/middleware/show_exceptions.rb:33:in `call'
railties (5.2.4.5) lib/rails/rack/logger.rb:38:in `call_app'
railties (5.2.4.5) lib/rails/rack/logger.rb:26:in `block in call'
activesupport (5.2.4.5) lib/active_support/tagged_logging.rb:71:in `block in tagged'
activesupport (5.2.4.5) lib/active_support/tagged_logging.rb:28:in `tagged'
activesupport (5.2.4.5) lib/active_support/tagged_logging.rb:71:in `tagged'
railties (5.2.4.5) lib/rails/rack/logger.rb:26:in `call'
sprockets-rails (3.2.2) lib/sprockets/rails/quiet_assets.rb:13:in `call'
actionpack (5.2.4.5) lib/action_dispatch/middleware/remote_ip.rb:81:in `call'
actionpack (5.2.4.5) lib/action_dispatch/middleware/request_id.rb:27:in `call'
rack (2.2.3) lib/rack/method_override.rb:24:in `call'
rack (2.2.3) lib/rack/runtime.rb:22:in `call'
activesupport (5.2.4.5) lib/active_support/cache/strategy/local_cache_middleware.rb:29:in `call'
actionpack (5.2.4.5) lib/action_dispatch/middleware/executor.rb:14:in `call'
actionpack (5.2.4.5) lib/action_dispatch/middleware/static.rb:127:in `call'
rack (2.2.3) lib/rack/sendfile.rb:110:in `call'
railties (5.2.4.5) lib/rails/engine.rb:524:in `call'
puma (3.12.6) lib/puma/configuration.rb:227:in `call'
puma (3.12.6) lib/puma/server.rb:706:in `handle_request'
puma (3.12.6) lib/puma/server.rb:476:in `process_client'
puma (3.12.6) lib/puma/server.rb:334:in `block in run'
puma (3.12.6) lib/puma/thread_pool.rb:135:in `block in spawn_thread'
Started GET "/users/1" for ::1 at 2021-02-15 17:17:46 -0500
Processing by UsersController#show as HTML
  Parameters: {"id"=>"1"}
  [1m[36mUser Load (0.8ms)[0m  [1m[34mSELECT  "users".* FROM "users" WHERE "users"."id" = $1 LIMIT $2[0m  [["id", 1], ["LIMIT", 1]]
  ↳ app/controllers/users_controller.rb:9
  Rendering users/show.html.erb within layouts/application
  [1m[36mSub Load (0.3ms)[0m  [1m[34mSELECT "subs".* FROM "subs" WHERE "subs"."user_id" = $1[0m  [["user_id", 1]]
  ↳ app/views/users/show.html.erb:5
  Rendered users/show.html.erb within layouts/application (4.0ms)
Completed 200 OK in 70ms (Views: 66.2ms | ActiveRecord: 1.1ms)


Started GET "/users/1/posts" for ::1 at 2021-02-15 17:17:51 -0500
  
ActionController::RoutingError (No route matches [GET] "/users/1/posts"):
  
actionpack (5.2.4.5) lib/action_dispatch/middleware/debug_exceptions.rb:65:in `call'
web-console (3.7.0) lib/web_console/middleware.rb:135:in `call_app'
web-console (3.7.0) lib/web_console/middleware.rb:30:in `block in call'
web-console (3.7.0) lib/web_console/middleware.rb:20:in `catch'
web-console (3.7.0) lib/web_console/middleware.rb:20:in `call'
actionpack (5.2.4.5) lib/action_dispatch/middleware/show_exceptions.rb:33:in `call'
railties (5.2.4.5) lib/rails/rack/logger.rb:38:in `call_app'
railties (5.2.4.5) lib/rails/rack/logger.rb:26:in `block in call'
activesupport (5.2.4.5) lib/active_support/tagged_logging.rb:71:in `block in tagged'
activesupport (5.2.4.5) lib/active_support/tagged_logging.rb:28:in `tagged'
activesupport (5.2.4.5) lib/active_support/tagged_logging.rb:71:in `tagged'
railties (5.2.4.5) lib/rails/rack/logger.rb:26:in `call'
sprockets-rails (3.2.2) lib/sprockets/rails/quiet_assets.rb:13:in `call'
actionpack (5.2.4.5) lib/action_dispatch/middleware/remote_ip.rb:81:in `call'
actionpack (5.2.4.5) lib/action_dispatch/middleware/request_id.rb:27:in `call'
rack (2.2.3) lib/rack/method_override.rb:24:in `call'
rack (2.2.3) lib/rack/runtime.rb:22:in `call'
activesupport (5.2.4.5) lib/active_support/cache/strategy/local_cache_middleware.rb:29:in `call'
actionpack (5.2.4.5) lib/action_dispatch/middleware/executor.rb:14:in `call'
actionpack (5.2.4.5) lib/action_dispatch/middleware/static.rb:127:in `call'
rack (2.2.3) lib/rack/sendfile.rb:110:in `call'
railties (5.2.4.5) lib/rails/engine.rb:524:in `call'
puma (3.12.6) lib/puma/configuration.rb:227:in `call'
puma (3.12.6) lib/puma/server.rb:706:in `handle_request'
puma (3.12.6) lib/puma/server.rb:476:in `process_client'
puma (3.12.6) lib/puma/server.rb:334:in `block in run'
puma (3.12.6) lib/puma/thread_pool.rb:135:in `block in spawn_thread'
Started GET "/posts/new" for ::1 at 2021-02-15 17:18:40 -0500
Processing by PostsController#new as HTML
  Rendering posts/new.html.erb within layouts/application
  Rendered posts/new.html.erb within layouts/application (3.5ms)
Completed 500 Internal Server Error in 14ms (ActiveRecord: 0.0ms)


  
ActionView::Template::Error (No route matches {:action=>"create", :controller=>"posts", :user_id=>nil}, missing required keys: [:user_id]):
    1: <h1> Make a Post! </h1>
    2: 
    3: <form action="<%= user_posts_url(params[:user_id])%>" method="POST">
    4:     <input type="hidden" name="authenticity_token" value="<%=form_authenticity_token %>">
    5:         <label>Title
    6:             <input type="text" name="posts[title]">
  
app/views/posts/new.html.erb:3:in `_app_views_posts_new_html_erb__4545367145032977434_70272068584400'
app/controllers/posts_controller.rb:14:in `new'
Started GET "/subs/new" for ::1 at 2021-02-15 17:19:01 -0500
Processing by SubsController#new as HTML
Completed 500 Internal Server Error in 130ms (ActiveRecord: 0.0ms)


  
NoMethodError (undefined method `require_logged_in' for #<SubsController:0x00007fd2fb6a6f28>
Did you mean?  require_signed_in):
  
activesupport (5.2.4.5) lib/active_support/callbacks.rb:426:in `block in make_lambda'
activesupport (5.2.4.5) lib/active_support/callbacks.rb:179:in `block (2 levels) in halting_and_conditional'
actionpack (5.2.4.5) lib/abstract_controller/callbacks.rb:34:in `block (2 levels) in <module:Callbacks>'
activesupport (5.2.4.5) lib/active_support/callbacks.rb:180:in `block in halting_and_conditional'
activesupport (5.2.4.5) lib/active_support/callbacks.rb:513:in `block in invoke_before'
activesupport (5.2.4.5) lib/active_support/callbacks.rb:513:in `each'
activesupport (5.2.4.5) lib/active_support/callbacks.rb:513:in `invoke_before'
activesupport (5.2.4.5) lib/active_support/callbacks.rb:131:in `run_callbacks'
actionpack (5.2.4.5) lib/abstract_controller/callbacks.rb:41:in `process_action'
actionpack (5.2.4.5) lib/action_controller/metal/rescue.rb:22:in `process_action'
actionpack (5.2.4.5) lib/action_controller/metal/instrumentation.rb:34:in `block in process_action'
activesupport (5.2.4.5) lib/active_support/notifications.rb:168:in `block in instrument'
activesupport (5.2.4.5) lib/active_support/notifications/instrumenter.rb:23:in `instrument'
activesupport (5.2.4.5) lib/active_support/notifications.rb:168:in `instrument'
actionpack (5.2.4.5) lib/action_controller/metal/instrumentation.rb:32:in `process_action'
actionpack (5.2.4.5) lib/action_controller/metal/params_wrapper.rb:256:in `process_action'
activerecord (5.2.4.5) lib/active_record/railties/controller_runtime.rb:24:in `process_action'
actionpack (5.2.4.5) lib/abstract_controller/base.rb:134:in `process'
actionview (5.2.4.5) lib/action_view/rendering.rb:32:in `process'
actionpack (5.2.4.5) lib/action_controller/metal.rb:191:in `dispatch'
actionpack (5.2.4.5) lib/action_controller/metal.rb:252:in `dispatch'
actionpack (5.2.4.5) lib/action_dispatch/routing/route_set.rb:52:in `dispatch'
actionpack (5.2.4.5) lib/action_dispatch/routing/route_set.rb:34:in `serve'
actionpack (5.2.4.5) lib/action_dispatch/journey/router.rb:52:in `block in serve'
actionpack (5.2.4.5) lib/action_dispatch/journey/router.rb:35:in `each'
actionpack (5.2.4.5) lib/action_dispatch/journey/router.rb:35:in `serve'
actionpack (5.2.4.5) lib/action_dispatch/routing/route_set.rb:840:in `call'
rack (2.2.3) lib/rack/tempfile_reaper.rb:15:in `call'
rack (2.2.3) lib/rack/etag.rb:27:in `call'
rack (2.2.3) lib/rack/conditional_get.rb:27:in `call'
rack (2.2.3) lib/rack/head.rb:12:in `call'
actionpack (5.2.4.5) lib/action_dispatch/http/content_security_policy.rb:18:in `call'
rack (2.2.3) lib/rack/session/abstract/id.rb:266:in `context'
rack (2.2.3) lib/rack/session/abstract/id.rb:260:in `call'
actionpack (5.2.4.5) lib/action_dispatch/middleware/cookies.rb:670:in `call'
activerecord (5.2.4.5) lib/active_record/migration.rb:559:in `call'
actionpack (5.2.4.5) lib/action_dispatch/middleware/callbacks.rb:28:in `block in call'
activesupport (5.2.4.5) lib/active_support/callbacks.rb:98:in `run_callbacks'
actionpack (5.2.4.5) lib/action_dispatch/middleware/callbacks.rb:26:in `call'
actionpack (5.2.4.5) lib/action_dispatch/middleware/executor.rb:14:in `call'
actionpack (5.2.4.5) lib/action_dispatch/middleware/debug_exceptions.rb:61:in `call'
web-console (3.7.0) lib/web_console/middleware.rb:135:in `call_app'
web-console (3.7.0) lib/web_console/middleware.rb:30:in `block in call'
web-console (3.7.0) lib/web_console/middleware.rb:20:in `catch'
web-console (3.7.0) lib/web_console/middleware.rb:20:in `call'
actionpack (5.2.4.5) lib/action_dispatch/middleware/show_exceptions.rb:33:in `call'
railties (5.2.4.5) lib/rails/rack/logger.rb:38:in `call_app'
railties (5.2.4.5) lib/rails/rack/logger.rb:26:in `block in call'
activesupport (5.2.4.5) lib/active_support/tagged_logging.rb:71:in `block in tagged'
activesupport (5.2.4.5) lib/active_support/tagged_logging.rb:28:in `tagged'
activesupport (5.2.4.5) lib/active_support/tagged_logging.rb:71:in `tagged'
railties (5.2.4.5) lib/rails/rack/logger.rb:26:in `call'
sprockets-rails (3.2.2) lib/sprockets/rails/quiet_assets.rb:13:in `call'
actionpack (5.2.4.5) lib/action_dispatch/middleware/remote_ip.rb:81:in `call'
actionpack (5.2.4.5) lib/action_dispatch/middleware/request_id.rb:27:in `call'
rack (2.2.3) lib/rack/method_override.rb:24:in `call'
rack (2.2.3) lib/rack/runtime.rb:22:in `call'
activesupport (5.2.4.5) lib/active_support/cache/strategy/local_cache_middleware.rb:29:in `call'
actionpack (5.2.4.5) lib/action_dispatch/middleware/executor.rb:14:in `call'
actionpack (5.2.4.5) lib/action_dispatch/middleware/static.rb:127:in `call'
rack (2.2.3) lib/rack/sendfile.rb:110:in `call'
railties (5.2.4.5) lib/rails/engine.rb:524:in `call'
puma (3.12.6) lib/puma/configuration.rb:227:in `call'
puma (3.12.6) lib/puma/server.rb:706:in `handle_request'
puma (3.12.6) lib/puma/server.rb:476:in `process_client'
puma (3.12.6) lib/puma/server.rb:334:in `block in run'
puma (3.12.6) lib/puma/thread_pool.rb:135:in `block in spawn_thread'
Started GET "/subs/new" for ::1 at 2021-02-15 17:21:47 -0500
Processing by SubsController#new as HTML
Completed 500 Internal Server Error in 125ms (ActiveRecord: 0.0ms)


  
NoMethodError (undefined method `require_logged_in' for #<SubsController:0x00007fd2f7adbb38>
Did you mean?  require_signed_in):
  
activesupport (5.2.4.5) lib/active_support/callbacks.rb:426:in `block in make_lambda'
activesupport (5.2.4.5) lib/active_support/callbacks.rb:179:in `block (2 levels) in halting_and_conditional'
actionpack (5.2.4.5) lib/abstract_controller/callbacks.rb:34:in `block (2 levels) in <module:Callbacks>'
activesupport (5.2.4.5) lib/active_support/callbacks.rb:180:in `block in halting_and_conditional'
activesupport (5.2.4.5) lib/active_support/callbacks.rb:513:in `block in invoke_before'
activesupport (5.2.4.5) lib/active_support/callbacks.rb:513:in `each'
activesupport (5.2.4.5) lib/active_support/callbacks.rb:513:in `invoke_before'
activesupport (5.2.4.5) lib/active_support/callbacks.rb:131:in `run_callbacks'
actionpack (5.2.4.5) lib/abstract_controller/callbacks.rb:41:in `process_action'
actionpack (5.2.4.5) lib/action_controller/metal/rescue.rb:22:in `process_action'
actionpack (5.2.4.5) lib/action_controller/metal/instrumentation.rb:34:in `block in process_action'
activesupport (5.2.4.5) lib/active_support/notifications.rb:168:in `block in instrument'
activesupport (5.2.4.5) lib/active_support/notifications/instrumenter.rb:23:in `instrument'
activesupport (5.2.4.5) lib/active_support/notifications.rb:168:in `instrument'
actionpack (5.2.4.5) lib/action_controller/metal/instrumentation.rb:32:in `process_action'
actionpack (5.2.4.5) lib/action_controller/metal/params_wrapper.rb:256:in `process_action'
activerecord (5.2.4.5) lib/active_record/railties/controller_runtime.rb:24:in `process_action'
actionpack (5.2.4.5) lib/abstract_controller/base.rb:134:in `process'
actionview (5.2.4.5) lib/action_view/rendering.rb:32:in `process'
actionpack (5.2.4.5) lib/action_controller/metal.rb:191:in `dispatch'
actionpack (5.2.4.5) lib/action_controller/metal.rb:252:in `dispatch'
actionpack (5.2.4.5) lib/action_dispatch/routing/route_set.rb:52:in `dispatch'
actionpack (5.2.4.5) lib/action_dispatch/routing/route_set.rb:34:in `serve'
actionpack (5.2.4.5) lib/action_dispatch/journey/router.rb:52:in `block in serve'
actionpack (5.2.4.5) lib/action_dispatch/journey/router.rb:35:in `each'
actionpack (5.2.4.5) lib/action_dispatch/journey/router.rb:35:in `serve'
actionpack (5.2.4.5) lib/action_dispatch/routing/route_set.rb:840:in `call'
rack (2.2.3) lib/rack/tempfile_reaper.rb:15:in `call'
rack (2.2.3) lib/rack/etag.rb:27:in `call'
rack (2.2.3) lib/rack/conditional_get.rb:27:in `call'
rack (2.2.3) lib/rack/head.rb:12:in `call'
actionpack (5.2.4.5) lib/action_dispatch/http/content_security_policy.rb:18:in `call'
rack (2.2.3) lib/rack/session/abstract/id.rb:266:in `context'
rack (2.2.3) lib/rack/session/abstract/id.rb:260:in `call'
actionpack (5.2.4.5) lib/action_dispatch/middleware/cookies.rb:670:in `call'
activerecord (5.2.4.5) lib/active_record/migration.rb:559:in `call'
actionpack (5.2.4.5) lib/action_dispatch/middleware/callbacks.rb:28:in `block in call'
activesupport (5.2.4.5) lib/active_support/callbacks.rb:98:in `run_callbacks'
actionpack (5.2.4.5) lib/action_dispatch/middleware/callbacks.rb:26:in `call'
actionpack (5.2.4.5) lib/action_dispatch/middleware/executor.rb:14:in `call'
actionpack (5.2.4.5) lib/action_dispatch/middleware/debug_exceptions.rb:61:in `call'
web-console (3.7.0) lib/web_console/middleware.rb:135:in `call_app'
web-console (3.7.0) lib/web_console/middleware.rb:30:in `block in call'
web-console (3.7.0) lib/web_console/middleware.rb:20:in `catch'
web-console (3.7.0) lib/web_console/middleware.rb:20:in `call'
actionpack (5.2.4.5) lib/action_dispatch/middleware/show_exceptions.rb:33:in `call'
railties (5.2.4.5) lib/rails/rack/logger.rb:38:in `call_app'
railties (5.2.4.5) lib/rails/rack/logger.rb:26:in `block in call'
activesupport (5.2.4.5) lib/active_support/tagged_logging.rb:71:in `block in tagged'
activesupport (5.2.4.5) lib/active_support/tagged_logging.rb:28:in `tagged'
activesupport (5.2.4.5) lib/active_support/tagged_logging.rb:71:in `tagged'
railties (5.2.4.5) lib/rails/rack/logger.rb:26:in `call'
sprockets-rails (3.2.2) lib/sprockets/rails/quiet_assets.rb:13:in `call'
actionpack (5.2.4.5) lib/action_dispatch/middleware/remote_ip.rb:81:in `call'
actionpack (5.2.4.5) lib/action_dispatch/middleware/request_id.rb:27:in `call'
rack (2.2.3) lib/rack/method_override.rb:24:in `call'
rack (2.2.3) lib/rack/runtime.rb:22:in `call'
activesupport (5.2.4.5) lib/active_support/cache/strategy/local_cache_middleware.rb:29:in `call'
actionpack (5.2.4.5) lib/action_dispatch/middleware/executor.rb:14:in `call'
actionpack (5.2.4.5) lib/action_dispatch/middleware/static.rb:127:in `call'
rack (2.2.3) lib/rack/sendfile.rb:110:in `call'
railties (5.2.4.5) lib/rails/engine.rb:524:in `call'
puma (3.12.6) lib/puma/configuration.rb:227:in `call'
puma (3.12.6) lib/puma/server.rb:706:in `handle_request'
puma (3.12.6) lib/puma/server.rb:476:in `process_client'
puma (3.12.6) lib/puma/server.rb:334:in `block in run'
puma (3.12.6) lib/puma/thread_pool.rb:135:in `block in spawn_thread'
Started GET "/users" for ::1 at 2021-02-15 17:22:23 -0500
Processing by UsersController#index as HTML
  Rendering users/index.html.erb within layouts/application
  [1m[36mUser Load (0.4ms)[0m  [1m[34mSELECT "users".* FROM "users"[0m
  ↳ app/views/users/index.html.erb:3
  Rendered users/index.html.erb within layouts/application (3.6ms)
Completed 200 OK in 58ms (Views: 56.6ms | ActiveRecord: 0.4ms)


Started GET "/users/1" for ::1 at 2021-02-15 17:23:13 -0500
Processing by UsersController#show as HTML
  Parameters: {"id"=>"1"}
  [1m[36mUser Load (0.2ms)[0m  [1m[34mSELECT  "users".* FROM "users" WHERE "users"."id" = $1 LIMIT $2[0m  [["id", 1], ["LIMIT", 1]]
  ↳ app/controllers/users_controller.rb:9
  Rendering users/show.html.erb within layouts/application
  [1m[36mSub Load (0.2ms)[0m  [1m[34mSELECT "subs".* FROM "subs" WHERE "subs"."user_id" = $1[0m  [["user_id", 1]]
  ↳ app/views/users/show.html.erb:5
  Rendered users/show.html.erb within layouts/application (6.6ms)
Completed 200 OK in 69ms (Views: 47.9ms | ActiveRecord: 11.2ms)


Started GET "/subs/new" for ::1 at 2021-02-15 17:23:22 -0500
Processing by SubsController#new as HTML
Redirected to http://localhost:3000/session/new
Filter chain halted as :require_signed_in rendered or redirected
Completed 302 Found in 1ms (ActiveRecord: 0.0ms)


Started GET "/session/new" for ::1 at 2021-02-15 17:23:22 -0500
Processing by SessionsController#new as HTML
  Rendering sessions/new.html.erb within layouts/application
  Rendered sessions/new.html.erb within layouts/application (4.4ms)
Completed 500 Internal Server Error in 12ms (ActiveRecord: 0.0ms)


  
ActionView::Template::Error (undefined method `username' for nil:NilClass):
    2:     <form action="session_url" method="POST">
    3:       <input type="hidden" name="authenticity_token" value="<%= form_authenticity_token %>">
    4:       <label>Username
    5:         <input type="text" name="user[username]" value="<%= @user.username %>">
    6:       </label>
    7: 
    8:       <label>Password
  
app/views/sessions/new.html.erb:5:in `_app_views_sessions_new_html_erb__585664769103506671_70272069369860'
app/controllers/sessions_controller.rb:6:in `new'
Started GET "/session/new" for ::1 at 2021-02-15 17:24:36 -0500
Processing by SessionsController#new as HTML
  Rendering sessions/new.html.erb within layouts/application
  Rendered sessions/new.html.erb within layouts/application (7.7ms)
Completed 500 Internal Server Error in 19ms (ActiveRecord: 0.0ms)


  
ActionView::Template::Error (undefined method `username' for nil:NilClass):
    2:     <form action="session_url" method="POST">
    3:       <input type="hidden" name="authenticity_token" value="<%= form_authenticity_token %>">
    4:       <label>Username
    5:         <input type="text" name="user[username]" value="<%= @user.username %>">
    6:       </label>
    7: 
    8:       <label>Password
  
app/views/sessions/new.html.erb:5:in `_app_views_sessions_new_html_erb__585664769103506671_70272035241780'
app/controllers/sessions_controller.rb:6:in `new'
Started GET "/users/new" for ::1 at 2021-02-15 17:26:08 -0500
Processing by UsersController#new as HTML
  Rendering users/new.html.erb within layouts/application
  Rendered users/new.html.erb within layouts/application (1.2ms)
Completed 200 OK in 65ms (Views: 63.4ms | ActiveRecord: 0.0ms)


Started POST "/users" for ::1 at 2021-02-15 17:26:22 -0500
Processing by UsersController#create as HTML
  Parameters: {"authenticity_token"=>"s0kVTWnAddbuwn3sMxtCNnGU5TNR9NOYinM/U6gevIgL4G+fkF7+usRW/q1Ua4zafohJLZ96dtEMTRvIKDsdtQ==", "user"=>{"username"=>"chickfila", "password"=>"[FILTERED]"}}
  [1m[35m (0.2ms)[0m  [1m[35mBEGIN[0m
  ↳ app/controllers/users_controller.rb:20
  [1m[36mUser Exists (1.5ms)[0m  [1m[34mSELECT  1 AS one FROM "users" WHERE "users"."username" = $1 LIMIT $2[0m  [["username", "chickfila"], ["LIMIT", 1]]
  ↳ app/controllers/users_controller.rb:20
  [1m[36mUser Create (1.4ms)[0m  [1m[32mINSERT INTO "users" ("username", "password_digest", "session_token", "created_at", "updated_at") VALUES ($1, $2, $3, $4, $5) RETURNING "id"[0m  [["username", "chickfila"], ["password_digest", "$2a$12$Jmk9/auUWsU6KgqDepCxDeRVESI/33P4hZM34A7YMcm4efJ6N2sCG"], ["session_token", "bGyKj9Tpvyuug3jXlwfBredwf7dP9aHe9H10S8fzgolRN7IVdf+q27DsrHQS3sBiAgCxx3OwWUIBqxsFteeOKQ=="], ["created_at", "2021-02-15 22:26:22.605435"], ["updated_at", "2021-02-15 22:26:22.605435"]]
  ↳ app/controllers/users_controller.rb:20
  [1m[35m (0.9ms)[0m  [1m[35mCOMMIT[0m
  ↳ app/controllers/users_controller.rb:20
  [1m[35m (0.1ms)[0m  [1m[35mBEGIN[0m
  ↳ app/models/user.rb:47
  [1m[36mUser Exists (0.4ms)[0m  [1m[34mSELECT  1 AS one FROM "users" WHERE "users"."username" = $1 AND "users"."id" != $2 LIMIT $3[0m  [["username", "chickfila"], ["id", 2], ["LIMIT", 1]]
  ↳ app/models/user.rb:47
  [1m[36mUser Update (0.5ms)[0m  [1m[33mUPDATE "users" SET "session_token" = $1, "updated_at" = $2 WHERE "users"."id" = $3[0m  [["session_token", "89xFXP3wZLdH-P_JAQMY0Q"], ["updated_at", "2021-02-15 22:26:22.610939"], ["id", 2]]
  ↳ app/models/user.rb:47
  [1m[35m (0.4ms)[0m  [1m[35mCOMMIT[0m
  ↳ app/models/user.rb:47
Redirected to http://localhost:3000/users
Completed 302 Found in 326ms (ActiveRecord: 5.3ms)


Started GET "/users" for ::1 at 2021-02-15 17:26:22 -0500
Processing by UsersController#index as HTML
  Rendering users/index.html.erb within layouts/application
  [1m[36mUser Load (0.4ms)[0m  [1m[34mSELECT "users".* FROM "users"[0m
  ↳ app/views/users/index.html.erb:3
  Rendered users/index.html.erb within layouts/application (2.3ms)
Completed 200 OK in 60ms (Views: 59.0ms | ActiveRecord: 0.4ms)


Started GET "/users/1" for ::1 at 2021-02-15 17:28:10 -0500
Processing by UsersController#show as HTML
  Parameters: {"id"=>"1"}
  [1m[36mUser Load (0.3ms)[0m  [1m[34mSELECT  "users".* FROM "users" WHERE "users"."id" = $1 LIMIT $2[0m  [["id", 1], ["LIMIT", 1]]
  ↳ app/controllers/users_controller.rb:9
  Rendering users/show.html.erb within layouts/application
  [1m[36mSub Load (0.2ms)[0m  [1m[34mSELECT "subs".* FROM "subs" WHERE "subs"."user_id" = $1[0m  [["user_id", 1]]
  ↳ app/views/users/show.html.erb:5
  Rendered users/show.html.erb within layouts/application (6.3ms)
Completed 500 Internal Server Error in 14ms (ActiveRecord: 0.6ms)


  
ActionView::Template::Error (No route matches {:action=>"create", :controller=>"subs", :user_id=>nil}, missing required keys: [:user_id]):
    17:     <div>
    18:     <h1> Make a Sub! </h1>
    19: 
    20: <form action="<%= user_subs_url(params[:user_id])%>" method="POST">
    21:     <input type="hidden" name="authenticity_token" value="<%=form_authenticity_token %>">
    22:         <label>Title
    23:             <input type="text" name="subs[title]">
  
app/views/users/show.html.erb:20:in `_app_views_users_show_html_erb__165312811883626608_70272058890720'
app/controllers/users_controller.rb:10:in `show'
Started GET "/users/1" for ::1 at 2021-02-15 17:28:43 -0500
Processing by UsersController#show as HTML
  Parameters: {"id"=>"1"}
  [1m[36mUser Load (0.4ms)[0m  [1m[34mSELECT  "users".* FROM "users" WHERE "users"."id" = $1 LIMIT $2[0m  [["id", 1], ["LIMIT", 1]]
  ↳ app/controllers/users_controller.rb:9
  Rendering users/show.html.erb within layouts/application
  [1m[36mSub Load (0.4ms)[0m  [1m[34mSELECT "subs".* FROM "subs" WHERE "subs"."user_id" = $1[0m  [["user_id", 1]]
  ↳ app/views/users/show.html.erb:5
  Rendered users/show.html.erb within layouts/application (2.0ms)
Completed 200 OK in 65ms (Views: 62.5ms | ActiveRecord: 0.7ms)


Started POST "/users/1/subs" for ::1 at 2021-02-15 17:28:55 -0500
Processing by SubsController#create as HTML
  Parameters: {"authenticity_token"=>"RnHLb6kG1aCgwE7/cOGi0spksavix1B1NiISU98mhwv+2LG9UJhezIpUzb4XkWw+xXgdtSxJ9TywHDbIXwMmNg==", "subs"=>{"title"=>"Fuck This", "description"=>"im screwed tomorrow"}, "user_id"=>"1"}
Redirected to http://localhost:3000/session/new
Filter chain halted as :require_signed_in rendered or redirected
Completed 302 Found in 2ms (ActiveRecord: 0.0ms)


Started GET "/session/new" for ::1 at 2021-02-15 17:28:55 -0500
Processing by SessionsController#new as HTML
  Rendering sessions/new.html.erb within layouts/application
  Rendered sessions/new.html.erb within layouts/application (10.2ms)
Completed 500 Internal Server Error in 21ms (ActiveRecord: 0.0ms)


  
ActionView::Template::Error (undefined method `username' for nil:NilClass):
    2:     <form action="session_url" method="POST">
    3:       <input type="hidden" name="authenticity_token" value="<%= form_authenticity_token %>">
    4:       <label>Username
    5:         <input type="text" name="user[username]" value="<%= @user.username %>">
    6:       </label>
    7: 
    8:       <label>Password
  
app/views/sessions/new.html.erb:5:in `_app_views_sessions_new_html_erb__585664769103506671_70272058966820'
app/controllers/sessions_controller.rb:6:in `new'
Started GET "/session/new" for ::1 at 2021-02-15 17:30:41 -0500
Processing by SessionsController#new as HTML
  Rendering sessions/new.html.erb within layouts/application
  Rendered sessions/new.html.erb within layouts/application (4.6ms)
Completed 500 Internal Server Error in 15ms (ActiveRecord: 0.0ms)


  
ActionView::Template::Error (undefined method `username' for nil:NilClass):
    2:     <form action="session_url" method="POST">
    3:       <input type="hidden" name="authenticity_token" value="<%= form_authenticity_token %>">
    4:       <label>Username
    5:         <input type="text" name="user[username]" value="<%= @user.username %>">
    6:       </label>
    7: 
    8:       <label>Password
  
app/views/sessions/new.html.erb:5:in `_app_views_sessions_new_html_erb__585664769103506671_70272034951100'
app/controllers/sessions_controller.rb:6:in `new'
Started GET "/session/new" for ::1 at 2021-02-15 17:31:06 -0500
Processing by SessionsController#new as HTML
  Rendering sessions/new.html.erb within layouts/application
  Rendered sessions/new.html.erb within layouts/application (0.9ms)
Completed 200 OK in 55ms (Views: 54.7ms | ActiveRecord: 0.0ms)


Started POST "/session/session_url" for ::1 at 2021-02-15 17:31:41 -0500
  
ActionController::RoutingError (No route matches [POST] "/session/session_url"):
  
actionpack (5.2.4.5) lib/action_dispatch/middleware/debug_exceptions.rb:65:in `call'
web-console (3.7.0) lib/web_console/middleware.rb:135:in `call_app'
web-console (3.7.0) lib/web_console/middleware.rb:30:in `block in call'
web-console (3.7.0) lib/web_console/middleware.rb:20:in `catch'
web-console (3.7.0) lib/web_console/middleware.rb:20:in `call'
actionpack (5.2.4.5) lib/action_dispatch/middleware/show_exceptions.rb:33:in `call'
railties (5.2.4.5) lib/rails/rack/logger.rb:38:in `call_app'
railties (5.2.4.5) lib/rails/rack/logger.rb:26:in `block in call'
activesupport (5.2.4.5) lib/active_support/tagged_logging.rb:71:in `block in tagged'
activesupport (5.2.4.5) lib/active_support/tagged_logging.rb:28:in `tagged'
activesupport (5.2.4.5) lib/active_support/tagged_logging.rb:71:in `tagged'
railties (5.2.4.5) lib/rails/rack/logger.rb:26:in `call'
sprockets-rails (3.2.2) lib/sprockets/rails/quiet_assets.rb:13:in `call'
actionpack (5.2.4.5) lib/action_dispatch/middleware/remote_ip.rb:81:in `call'
actionpack (5.2.4.5) lib/action_dispatch/middleware/request_id.rb:27:in `call'
rack (2.2.3) lib/rack/method_override.rb:24:in `call'
rack (2.2.3) lib/rack/runtime.rb:22:in `call'
activesupport (5.2.4.5) lib/active_support/cache/strategy/local_cache_middleware.rb:29:in `call'
actionpack (5.2.4.5) lib/action_dispatch/middleware/executor.rb:14:in `call'
actionpack (5.2.4.5) lib/action_dispatch/middleware/static.rb:127:in `call'
rack (2.2.3) lib/rack/sendfile.rb:110:in `call'
railties (5.2.4.5) lib/rails/engine.rb:524:in `call'
puma (3.12.6) lib/puma/configuration.rb:227:in `call'
puma (3.12.6) lib/puma/server.rb:706:in `handle_request'
puma (3.12.6) lib/puma/server.rb:476:in `process_client'
puma (3.12.6) lib/puma/server.rb:334:in `block in run'
puma (3.12.6) lib/puma/thread_pool.rb:135:in `block in spawn_thread'
Started GET "/users/new" for ::1 at 2021-02-15 17:32:43 -0500
Processing by UsersController#new as HTML
  Rendering users/new.html.erb within layouts/application
  Rendered users/new.html.erb within layouts/application (1.4ms)
Completed 200 OK in 80ms (Views: 79.0ms | ActiveRecord: 0.0ms)


Started POST "/users" for ::1 at 2021-02-15 17:32:53 -0500
Processing by UsersController#create as HTML
  Parameters: {"authenticity_token"=>"MsjkuwjnZ4GGjyam5/SdpkceOltsS12GW+nQlyqruqWKYZ5p8Xns7awbpeeAhFNKSAKWRaLF+M/d1/QMqo4bmA==", "user"=>{"username"=>"richlim", "password"=>"[FILTERED]"}}
  [1m[35m (0.1ms)[0m  [1m[35mBEGIN[0m
  ↳ app/controllers/users_controller.rb:20
  [1m[36mUser Exists (0.3ms)[0m  [1m[34mSELECT  1 AS one FROM "users" WHERE "users"."username" = $1 LIMIT $2[0m  [["username", "richlim"], ["LIMIT", 1]]
  ↳ app/controllers/users_controller.rb:20
  [1m[36mUser Create (0.3ms)[0m  [1m[32mINSERT INTO "users" ("username", "password_digest", "session_token", "created_at", "updated_at") VALUES ($1, $2, $3, $4, $5) RETURNING "id"[0m  [["username", "richlim"], ["password_digest", "$2a$12$O7Y9spbTXnaLY.PTvUef6efizXrxYT6R5Qz8hwoHFPWo6EQ4aSHzK"], ["session_token", "G0xS+s0nUu8pFamDVtVcz/maGdDqRHQezRx/cDEFWcB1/anBScqq6X0Va1vmN+/WMyq5iBA+YKmvqtwpBnP35A=="], ["created_at", "2021-02-15 22:32:54.059223"], ["updated_at", "2021-02-15 22:32:54.059223"]]
  ↳ app/controllers/users_controller.rb:20
  [1m[35m (1.5ms)[0m  [1m[35mCOMMIT[0m
  ↳ app/controllers/users_controller.rb:20
  [1m[35m (0.1ms)[0m  [1m[35mBEGIN[0m
  ↳ app/models/user.rb:47
  [1m[36mUser Exists (0.4ms)[0m  [1m[34mSELECT  1 AS one FROM "users" WHERE "users"."username" = $1 AND "users"."id" != $2 LIMIT $3[0m  [["username", "richlim"], ["id", 3], ["LIMIT", 1]]
  ↳ app/models/user.rb:47
  [1m[36mUser Update (1.2ms)[0m  [1m[33mUPDATE "users" SET "session_token" = $1, "updated_at" = $2 WHERE "users"."id" = $3[0m  [["session_token", "ABUTwKDptKiWBc77utAXLw"], ["updated_at", "2021-02-15 22:32:54.064955"], ["id", 3]]
  ↳ app/models/user.rb:47
  [1m[35m (0.5ms)[0m  [1m[35mCOMMIT[0m
  ↳ app/models/user.rb:47
Redirected to http://localhost:3000/users
Completed 302 Found in 281ms (ActiveRecord: 4.5ms)


Started GET "/users" for ::1 at 2021-02-15 17:32:54 -0500
Processing by UsersController#index as HTML
  Rendering users/index.html.erb within layouts/application
  [1m[36mUser Load (0.6ms)[0m  [1m[34mSELECT "users".* FROM "users"[0m
  ↳ app/views/users/index.html.erb:3
  Rendered users/index.html.erb within layouts/application (2.1ms)
Completed 200 OK in 43ms (Views: 41.9ms | ActiveRecord: 0.6ms)


Started GET "/users/3" for ::1 at 2021-02-15 17:33:07 -0500
Processing by UsersController#show as HTML
  Parameters: {"id"=>"3"}
  [1m[36mUser Load (0.5ms)[0m  [1m[34mSELECT  "users".* FROM "users" WHERE "users"."id" = $1 LIMIT $2[0m  [["id", 3], ["LIMIT", 1]]
  ↳ app/controllers/users_controller.rb:9
  Rendering users/show.html.erb within layouts/application
  [1m[36mSub Load (0.5ms)[0m  [1m[34mSELECT "subs".* FROM "subs" WHERE "subs"."user_id" = $1[0m  [["user_id", 3]]
  ↳ app/views/users/show.html.erb:5
  Rendered users/show.html.erb within layouts/application (3.1ms)
Completed 200 OK in 44ms (Views: 41.5ms | ActiveRecord: 0.9ms)


Started POST "/users/3/subs" for ::1 at 2021-02-15 17:33:14 -0500
Processing by SubsController#create as HTML
  Parameters: {"authenticity_token"=>"SwAefM9aMjTaeKJOkzX5uEYpnirN9tG90U1neM9FV2nzqWSuNsS5WPDsIQ/0RTdUSTUyNAN4dPRXc0PjT2D2VA==", "subs"=>{"title"=>"Fuck This", "description"=>"im screwed tomorrow!"}, "user_id"=>"3"}
Redirected to http://localhost:3000/session/new
Filter chain halted as :require_signed_in rendered or redirected
Completed 302 Found in 1ms (ActiveRecord: 0.0ms)


Started GET "/session/new" for ::1 at 2021-02-15 17:33:14 -0500
Processing by SessionsController#new as HTML
  Rendering sessions/new.html.erb within layouts/application
  Rendered sessions/new.html.erb within layouts/application (0.4ms)
Completed 200 OK in 58ms (Views: 57.7ms | ActiveRecord: 0.0ms)


Started POST "/session/session_url" for ::1 at 2021-02-15 17:33:21 -0500
  
ActionController::RoutingError (No route matches [POST] "/session/session_url"):
  
actionpack (5.2.4.5) lib/action_dispatch/middleware/debug_exceptions.rb:65:in `call'
web-console (3.7.0) lib/web_console/middleware.rb:135:in `call_app'
web-console (3.7.0) lib/web_console/middleware.rb:30:in `block in call'
web-console (3.7.0) lib/web_console/middleware.rb:20:in `catch'
web-console (3.7.0) lib/web_console/middleware.rb:20:in `call'
actionpack (5.2.4.5) lib/action_dispatch/middleware/show_exceptions.rb:33:in `call'
railties (5.2.4.5) lib/rails/rack/logger.rb:38:in `call_app'
railties (5.2.4.5) lib/rails/rack/logger.rb:26:in `block in call'
activesupport (5.2.4.5) lib/active_support/tagged_logging.rb:71:in `block in tagged'
activesupport (5.2.4.5) lib/active_support/tagged_logging.rb:28:in `tagged'
activesupport (5.2.4.5) lib/active_support/tagged_logging.rb:71:in `tagged'
railties (5.2.4.5) lib/rails/rack/logger.rb:26:in `call'
sprockets-rails (3.2.2) lib/sprockets/rails/quiet_assets.rb:13:in `call'
actionpack (5.2.4.5) lib/action_dispatch/middleware/remote_ip.rb:81:in `call'
actionpack (5.2.4.5) lib/action_dispatch/middleware/request_id.rb:27:in `call'
rack (2.2.3) lib/rack/method_override.rb:24:in `call'
rack (2.2.3) lib/rack/runtime.rb:22:in `call'
activesupport (5.2.4.5) lib/active_support/cache/strategy/local_cache_middleware.rb:29:in `call'
actionpack (5.2.4.5) lib/action_dispatch/middleware/executor.rb:14:in `call'
actionpack (5.2.4.5) lib/action_dispatch/middleware/static.rb:127:in `call'
rack (2.2.3) lib/rack/sendfile.rb:110:in `call'
railties (5.2.4.5) lib/rails/engine.rb:524:in `call'
puma (3.12.6) lib/puma/configuration.rb:227:in `call'
puma (3.12.6) lib/puma/server.rb:706:in `handle_request'
puma (3.12.6) lib/puma/server.rb:476:in `process_client'
puma (3.12.6) lib/puma/server.rb:334:in `block in run'
puma (3.12.6) lib/puma/thread_pool.rb:135:in `block in spawn_thread'
Started GET "/session/new" for ::1 at 2021-02-15 17:34:07 -0500
Processing by SessionsController#new as HTML
  Rendering sessions/new.html.erb within layouts/application
  Rendered sessions/new.html.erb within layouts/application (0.6ms)
Completed 200 OK in 72ms (Views: 71.0ms | ActiveRecord: 0.0ms)


Started POST "/session/session_url" for ::1 at 2021-02-15 17:34:13 -0500
  
ActionController::RoutingError (No route matches [POST] "/session/session_url"):
  
actionpack (5.2.4.5) lib/action_dispatch/middleware/debug_exceptions.rb:65:in `call'
web-console (3.7.0) lib/web_console/middleware.rb:135:in `call_app'
web-console (3.7.0) lib/web_console/middleware.rb:30:in `block in call'
web-console (3.7.0) lib/web_console/middleware.rb:20:in `catch'
web-console (3.7.0) lib/web_console/middleware.rb:20:in `call'
actionpack (5.2.4.5) lib/action_dispatch/middleware/show_exceptions.rb:33:in `call'
railties (5.2.4.5) lib/rails/rack/logger.rb:38:in `call_app'
railties (5.2.4.5) lib/rails/rack/logger.rb:26:in `block in call'
activesupport (5.2.4.5) lib/active_support/tagged_logging.rb:71:in `block in tagged'
activesupport (5.2.4.5) lib/active_support/tagged_logging.rb:28:in `tagged'
activesupport (5.2.4.5) lib/active_support/tagged_logging.rb:71:in `tagged'
railties (5.2.4.5) lib/rails/rack/logger.rb:26:in `call'
sprockets-rails (3.2.2) lib/sprockets/rails/quiet_assets.rb:13:in `call'
actionpack (5.2.4.5) lib/action_dispatch/middleware/remote_ip.rb:81:in `call'
actionpack (5.2.4.5) lib/action_dispatch/middleware/request_id.rb:27:in `call'
rack (2.2.3) lib/rack/method_override.rb:24:in `call'
rack (2.2.3) lib/rack/runtime.rb:22:in `call'
activesupport (5.2.4.5) lib/active_support/cache/strategy/local_cache_middleware.rb:29:in `call'
actionpack (5.2.4.5) lib/action_dispatch/middleware/executor.rb:14:in `call'
actionpack (5.2.4.5) lib/action_dispatch/middleware/static.rb:127:in `call'
rack (2.2.3) lib/rack/sendfile.rb:110:in `call'
railties (5.2.4.5) lib/rails/engine.rb:524:in `call'
puma (3.12.6) lib/puma/configuration.rb:227:in `call'
puma (3.12.6) lib/puma/server.rb:706:in `handle_request'
puma (3.12.6) lib/puma/server.rb:476:in `process_client'
puma (3.12.6) lib/puma/server.rb:334:in `block in run'
puma (3.12.6) lib/puma/thread_pool.rb:135:in `block in spawn_thread'
Started POST "/session/session_url" for ::1 at 2021-02-15 17:36:11 -0500
  
ActionController::RoutingError (No route matches [POST] "/session/session_url"):
  
actionpack (5.2.4.5) lib/action_dispatch/middleware/debug_exceptions.rb:65:in `call'
web-console (3.7.0) lib/web_console/middleware.rb:135:in `call_app'
web-console (3.7.0) lib/web_console/middleware.rb:30:in `block in call'
web-console (3.7.0) lib/web_console/middleware.rb:20:in `catch'
web-console (3.7.0) lib/web_console/middleware.rb:20:in `call'
actionpack (5.2.4.5) lib/action_dispatch/middleware/show_exceptions.rb:33:in `call'
railties (5.2.4.5) lib/rails/rack/logger.rb:38:in `call_app'
railties (5.2.4.5) lib/rails/rack/logger.rb:26:in `block in call'
activesupport (5.2.4.5) lib/active_support/tagged_logging.rb:71:in `block in tagged'
activesupport (5.2.4.5) lib/active_support/tagged_logging.rb:28:in `tagged'
activesupport (5.2.4.5) lib/active_support/tagged_logging.rb:71:in `tagged'
railties (5.2.4.5) lib/rails/rack/logger.rb:26:in `call'
sprockets-rails (3.2.2) lib/sprockets/rails/quiet_assets.rb:13:in `call'
actionpack (5.2.4.5) lib/action_dispatch/middleware/remote_ip.rb:81:in `call'
actionpack (5.2.4.5) lib/action_dispatch/middleware/request_id.rb:27:in `call'
rack (2.2.3) lib/rack/method_override.rb:24:in `call'
rack (2.2.3) lib/rack/runtime.rb:22:in `call'
activesupport (5.2.4.5) lib/active_support/cache/strategy/local_cache_middleware.rb:29:in `call'
actionpack (5.2.4.5) lib/action_dispatch/middleware/executor.rb:14:in `call'
actionpack (5.2.4.5) lib/action_dispatch/middleware/static.rb:127:in `call'
rack (2.2.3) lib/rack/sendfile.rb:110:in `call'
railties (5.2.4.5) lib/rails/engine.rb:524:in `call'
puma (3.12.6) lib/puma/configuration.rb:227:in `call'
puma (3.12.6) lib/puma/server.rb:706:in `handle_request'
puma (3.12.6) lib/puma/server.rb:476:in `process_client'
puma (3.12.6) lib/puma/server.rb:334:in `block in run'
puma (3.12.6) lib/puma/thread_pool.rb:135:in `block in spawn_thread'
